0 verbose cli C:\Program Files\nodejs\node.exe C:\Users\davi.lima\AppData\Roaming\npm\node_modules\npm\bin\npm-cli.js
1 info using npm@11.0.0
2 info using node@v22.11.0
3 silly config load:file:C:\Users\davi.lima\AppData\Roaming\npm\node_modules\npm\npmrc
4 silly config load:file:C:\Users\davi.lima\Downloads\techlab-mobile\.npmrc
5 silly config load:file:C:\Users\davi.lima\.npmrc
6 silly config load:file:C:\Users\davi.lima\AppData\Roaming\npm\etc\npmrc
7 verbose title npm run android
8 verbose argv "run" "android"
9 verbose logfile logs-max:10 dir:C:\Users\davi.lima\Downloads\techlab-mobile\tmpnodejsnpm-cache\_logs\2025-05-19T23_48_54_705Z-
10 verbose logfile C:\Users\davi.lima\Downloads\techlab-mobile\tmpnodejsnpm-cache\_logs\2025-05-19T23_48_54_705Z-debug-0.log
11 silly logfile done cleaning log files
12 http fetch GET 200 https://registry.npmjs.org/npm 170ms
13 verbose cwd C:\Users\davi.lima\Downloads\techlab-mobile
14 verbose os Windows_NT 10.0.22631
15 verbose node v22.11.0
16 verbose npm  v11.0.0
17 notice
17 notice New [33mminor[39m version of npm available! [33m11.0.0[39m -> [34m11.4.0[39m
17 notice Changelog: [34mhttps://github.com/npm/cli/releases/tag/v11.4.0[39m
17 notice To update run: [4mnpm install -g npm@11.4.0[24m
17 notice  { force: true, [Symbol(proc-log.meta)]: true }
18 verbose exit 0
19 info ok
