0 verbose cli C:\Program Files\nodejs\node.exe C:\Users\davi.lima\AppData\Roaming\npm\node_modules\npm\bin\npm-cli.js
1 info using npm@11.0.0
2 info using node@v22.11.0
3 silly config load:file:C:\Users\davi.lima\AppData\Roaming\npm\node_modules\npm\npmrc
4 silly config load:file:C:\Users\davi.lima\Downloads\Challenge-Techlab-Mottu\.npmrc
5 silly config load:file:C:\Users\davi.lima\.npmrc
6 silly config load:file:C:\Users\davi.lima\AppData\Roaming\npm\etc\npmrc
7 verbose title npm install
8 verbose argv "install"
9 verbose logfile logs-max:10 dir:C:\Users\davi.lima\Downloads\Challenge-Techlab-Mottu\tmpnodejsnpm-cache\_logs\2025-08-23T02_11_18_854Z-
10 verbose logfile C:\Users\davi.lima\Downloads\Challenge-Techlab-Mottu\tmpnodejsnpm-cache\_logs\2025-08-23T02_11_18_854Z-debug-0.log
11 silly logfile done cleaning log files
12 silly packumentCache heap:2197815296 maxSize:549453824 maxEntrySize:274726912
13 silly idealTree buildDeps
14 silly fetch manifest expo-local-authentication@~16.0.5
15 silly packumentCache full:https://registry.npmjs.org/expo-local-authentication cache-miss
16 http fetch GET 200 https://registry.npmjs.org/expo-local-authentication 984ms (cache miss)
17 silly packumentCache full:https://registry.npmjs.org/expo-local-authentication set size:undefined disposed:false
18 silly fetch manifest expo@~53.0.9
19 silly packumentCache full:https://registry.npmjs.org/expo cache-miss
20 http fetch GET 200 https://registry.npmjs.org/expo 128ms (cache miss)
21 silly packumentCache full:https://registry.npmjs.org/expo set size:undefined disposed:false
22 silly fetch manifest @expo/dom-webview@*
23 silly packumentCache full:https://registry.npmjs.org/@expo%2fdom-webview cache-miss
24 http fetch GET 200 https://registry.npmjs.org/@expo%2fdom-webview 330ms (cache miss)
25 silly packumentCache full:https://registry.npmjs.org/@expo%2fdom-webview set size:undefined disposed:false
26 silly fetch manifest react@19.0.0
27 silly packumentCache full:https://registry.npmjs.org/react cache-miss
28 http fetch GET 200 https://registry.npmjs.org/react 312ms (cache miss)
29 silly packumentCache full:https://registry.npmjs.org/react set size:undefined disposed:false
30 silly fetch manifest react-native@0.79.2
31 silly packumentCache full:https://registry.npmjs.org/react-native cache-miss
32 http fetch GET 200 https://registry.npmjs.org/react-native 315ms (cache miss)
33 silly packumentCache full:https://registry.npmjs.org/react-native set size:undefined disposed:false
34 silly fetch manifest @types/react@^19.0.0
35 silly packumentCache full:https://registry.npmjs.org/@types%2freact cache-miss
36 http fetch GET 200 https://registry.npmjs.org/@types%2freact 113ms (cache miss)
37 silly packumentCache full:https://registry.npmjs.org/@types%2freact set size:undefined disposed:false
38 silly fetch manifest @expo/metro-runtime@*
39 silly packumentCache full:https://registry.npmjs.org/@expo%2fmetro-runtime cache-miss
40 http fetch GET 200 https://registry.npmjs.org/@expo%2fmetro-runtime 85ms (cache miss)
41 silly packumentCache full:https://registry.npmjs.org/@expo%2fmetro-runtime set size:undefined disposed:false
42 silly fetch manifest react-native-webview@*
43 silly packumentCache full:https://registry.npmjs.org/react-native-webview cache-miss
44 http fetch GET 200 https://registry.npmjs.org/react-native-webview 85ms (cache miss)
45 silly packumentCache full:https://registry.npmjs.org/react-native-webview set size:undefined disposed:false
46 silly placeDep ROOT expo-local-authentication@16.0.5 OK for: techlab-mobile@1.0.0 want: ~16.0.5
47 silly reify moves {}
48 silly audit bulk request {
48 silly audit   '@0no-co/graphql.web': [ '1.1.2' ],
48 silly audit   '@ampproject/remapping': [ '2.3.0' ],
48 silly audit   '@babel/code-frame': [ '7.27.1', '7.10.4' ],
48 silly audit   '@babel/compat-data': [ '7.27.2' ],
48 silly audit   '@babel/core': [ '7.27.1' ],
48 silly audit   '@babel/generator': [ '7.27.1' ],
48 silly audit   '@babel/helper-annotate-as-pure': [ '7.27.1' ],
48 silly audit   '@babel/helper-compilation-targets': [ '7.27.2' ],
48 silly audit   '@babel/helper-create-class-features-plugin': [ '7.27.1' ],
48 silly audit   '@babel/helper-create-regexp-features-plugin': [ '7.27.1' ],
48 silly audit   '@babel/helper-define-polyfill-provider': [ '0.6.4' ],
48 silly audit   '@babel/helper-member-expression-to-functions': [ '7.27.1' ],
48 silly audit   '@babel/helper-module-imports': [ '7.27.1' ],
48 silly audit   '@babel/helper-module-transforms': [ '7.27.1' ],
48 silly audit   '@babel/helper-optimise-call-expression': [ '7.27.1' ],
48 silly audit   '@babel/helper-plugin-utils': [ '7.27.1' ],
48 silly audit   '@babel/helper-remap-async-to-generator': [ '7.27.1' ],
48 silly audit   '@babel/helper-replace-supers': [ '7.27.1' ],
48 silly audit   '@babel/helper-skip-transparent-expression-wrappers': [ '7.27.1' ],
48 silly audit   '@babel/helper-string-parser': [ '7.27.1' ],
48 silly audit   '@babel/helper-validator-identifier': [ '7.27.1' ],
48 silly audit   '@babel/helper-validator-option': [ '7.27.1' ],
48 silly audit   '@babel/helper-wrap-function': [ '7.27.1' ],
48 silly audit   '@babel/helpers': [ '7.27.1' ],
48 silly audit   '@babel/highlight': [ '7.25.9' ],
48 silly audit   'ansi-styles': [ '3.2.1', '6.2.1', '4.3.0', '5.2.0' ],
48 silly audit   chalk: [ '2.4.2', '4.1.2' ],
48 silly audit   'color-convert': [ '1.9.3', '2.0.1' ],
48 silly audit   'color-name': [ '1.1.3', '1.1.4' ],
48 silly audit   'escape-string-regexp': [ '1.0.5', '4.0.0', '2.0.0' ],
48 silly audit   'has-flag': [ '3.0.0', '4.0.0' ],
48 silly audit   'supports-color': [ '5.5.0', '8.1.1', '7.2.0' ],
48 silly audit   '@babel/parser': [ '7.27.2' ],
48 silly audit   '@babel/plugin-proposal-decorators': [ '7.27.1' ],
48 silly audit   '@babel/plugin-proposal-export-default-from': [ '7.27.1' ],
48 silly audit   '@babel/plugin-syntax-async-generators': [ '7.8.4' ],
48 silly audit   '@babel/plugin-syntax-bigint': [ '7.8.3' ],
48 silly audit   '@babel/plugin-syntax-class-properties': [ '7.12.13' ],
48 silly audit   '@babel/plugin-syntax-class-static-block': [ '7.14.5' ],
48 silly audit   '@babel/plugin-syntax-decorators': [ '7.27.1' ],
48 silly audit   '@babel/plugin-syntax-dynamic-import': [ '7.8.3' ],
48 silly audit   '@babel/plugin-syntax-export-default-from': [ '7.27.1' ],
48 silly audit   '@babel/plugin-syntax-flow': [ '7.27.1' ],
48 silly audit   '@babel/plugin-syntax-import-attributes': [ '7.27.1' ],
48 silly audit   '@babel/plugin-syntax-import-meta': [ '7.10.4' ],
48 silly audit   '@babel/plugin-syntax-json-strings': [ '7.8.3' ],
48 silly audit   '@babel/plugin-syntax-jsx': [ '7.27.1' ],
48 silly audit   '@babel/plugin-syntax-logical-assignment-operators': [ '7.10.4' ],
48 silly audit   '@babel/plugin-syntax-nullish-coalescing-operator': [ '7.8.3' ],
48 silly audit   '@babel/plugin-syntax-numeric-separator': [ '7.10.4' ],
48 silly audit   '@babel/plugin-syntax-object-rest-spread': [ '7.8.3' ],
48 silly audit   '@babel/plugin-syntax-optional-catch-binding': [ '7.8.3' ],
48 silly audit   '@babel/plugin-syntax-optional-chaining': [ '7.8.3' ],
48 silly audit   '@babel/plugin-syntax-private-property-in-object': [ '7.14.5' ],
48 silly audit   '@babel/plugin-syntax-top-level-await': [ '7.14.5' ],
48 silly audit   '@babel/plugin-syntax-typescript': [ '7.27.1' ],
48 silly audit   '@babel/plugin-transform-arrow-functions': [ '7.27.1' ],
48 silly audit   '@babel/plugin-transform-async-generator-functions': [ '7.27.1' ],
48 silly audit   '@babel/plugin-transform-async-to-generator': [ '7.27.1' ],
48 silly audit   '@babel/plugin-transform-block-scoping': [ '7.27.1' ],
48 silly audit   '@babel/plugin-transform-class-properties': [ '7.27.1' ],
48 silly audit   '@babel/plugin-transform-classes': [ '7.27.1' ],
48 silly audit   '@babel/plugin-transform-computed-properties': [ '7.27.1' ],
48 silly audit   '@babel/plugin-transform-destructuring': [ '7.27.1' ],
48 silly audit   '@babel/plugin-transform-export-namespace-from': [ '7.27.1' ],
48 silly audit   '@babel/plugin-transform-flow-strip-types': [ '7.27.1' ],
48 silly audit   '@babel/plugin-transform-for-of': [ '7.27.1' ],
48 silly audit   '@babel/plugin-transform-function-name': [ '7.27.1' ],
48 silly audit   '@babel/plugin-transform-literals': [ '7.27.1' ],
48 silly audit   '@babel/plugin-transform-logical-assignment-operators': [ '7.27.1' ],
48 silly audit   '@babel/plugin-transform-modules-commonjs': [ '7.27.1' ],
48 silly audit   '@babel/plugin-transform-named-capturing-groups-regex': [ '7.27.1' ],
48 silly audit   '@babel/plugin-transform-nullish-coalescing-operator': [ '7.27.1' ],
48 silly audit   '@babel/plugin-transform-numeric-separator': [ '7.27.1' ],
48 silly audit   '@babel/plugin-transform-object-rest-spread': [ '7.27.2' ],
48 silly audit   '@babel/plugin-transform-optional-catch-binding': [ '7.27.1' ],
48 silly audit   '@babel/plugin-transform-optional-chaining': [ '7.27.1' ],
48 silly audit   '@babel/plugin-transform-parameters': [ '7.27.1' ],
48 silly audit   '@babel/plugin-transform-private-methods': [ '7.27.1' ],
48 silly audit   '@babel/plugin-transform-private-property-in-object': [ '7.27.1' ],
48 silly audit   '@babel/plugin-transform-react-display-name': [ '7.27.1' ],
48 silly audit   '@babel/plugin-transform-react-jsx': [ '7.27.1' ],
48 silly audit   '@babel/plugin-transform-react-jsx-development': [ '7.27.1' ],
48 silly audit   '@babel/plugin-transform-react-jsx-self': [ '7.27.1' ],
48 silly audit   '@babel/plugin-transform-react-jsx-source': [ '7.27.1' ],
48 silly audit   '@babel/plugin-transform-react-pure-annotations': [ '7.27.1' ],
48 silly audit   '@babel/plugin-transform-regenerator': [ '7.27.1' ],
48 silly audit   '@babel/plugin-transform-runtime': [ '7.27.1' ],
48 silly audit   '@babel/plugin-transform-shorthand-properties': [ '7.27.1' ],
48 silly audit   '@babel/plugin-transform-spread': [ '7.27.1' ],
48 silly audit   '@babel/plugin-transform-sticky-regex': [ '7.27.1' ],
48 silly audit   '@babel/plugin-transform-typescript': [ '7.27.1' ],
48 silly audit   '@babel/plugin-transform-unicode-regex': [ '7.27.1' ],
48 silly audit   '@babel/preset-react': [ '7.27.1' ],
48 silly audit   '@babel/preset-typescript': [ '7.27.1' ],
48 silly audit   '@babel/runtime': [ '7.27.1' ],
48 silly audit   '@babel/template': [ '7.27.2' ],
48 silly audit   '@babel/traverse': [ '7.27.1' ],
48 silly audit   '@babel/types': [ '7.27.1' ],
48 silly audit   '@egjs/hammerjs': [ '2.0.17' ],
48 silly audit   '@expo/cli': [ '0.24.13' ],
48 silly audit   semver: [ '7.7.2', '6.3.1' ],
48 silly audit   '@expo/code-signing-certificates': [ '0.0.5' ],
48 silly audit   '@expo/config': [ '11.0.10' ],
48 silly audit   '@expo/config-plugins': [ '10.0.2' ],
48 silly audit   '@expo/config-types': [ '53.0.4' ],
48 silly audit   '@expo/devcert': [ '1.2.0' ],
48 silly audit   debug: [ '3.2.7', '2.6.9', '4.4.1' ],
48 silly audit   '@expo/env': [ '1.0.5' ],
48 silly audit   '@expo/fingerprint': [ '0.12.4' ],
48 silly audit   '@expo/image-utils': [ '0.7.4' ],
48 silly audit   '@expo/json-file': [ '9.1.4' ],
48 silly audit   '@expo/metro-config': [ '0.20.14' ],
48 silly audit   '@expo/osascript': [ '2.2.4' ],
48 silly audit   '@expo/package-manager': [ '1.8.4' ],
48 silly audit   '@expo/plist': [ '0.3.4' ],
48 silly audit   '@expo/prebuild-config': [ '9.0.6' ],
48 silly audit   '@expo/sdk-runtime-versions': [ '1.0.0' ],
48 silly audit   '@expo/spawn-async': [ '1.7.2' ],
48 silly audit   '@expo/sudo-prompt': [ '9.3.2' ],
48 silly audit   '@expo/vector-icons': [ '14.1.0' ],
48 silly audit   '@expo/ws-tunnel': [ '1.0.6' ],
48 silly audit   '@expo/xcpretty': [ '4.3.2' ],
48 silly audit   '@isaacs/cliui': [ '8.0.2' ],
48 silly audit   'wrap-ansi': [ '8.1.0', '7.0.0' ],
48 silly audit   '@isaacs/fs-minipass': [ '4.0.1' ],
48 silly audit   '@isaacs/ttlcache': [ '1.4.1' ],
48 silly audit   '@istanbuljs/load-nyc-config': [ '1.1.0' ],
48 silly audit   argparse: [ '1.0.10', '2.0.1' ],
48 silly audit   'find-up': [ '4.1.0', '5.0.0' ],
48 silly audit   'js-yaml': [ '3.14.1', '4.1.0' ],
48 silly audit   'locate-path': [ '5.0.0', '6.0.0' ],
48 silly audit   'p-limit': [ '2.3.0', '3.1.0' ],
48 silly audit   'p-locate': [ '4.1.0', '5.0.0' ],
48 silly audit   '@istanbuljs/schema': [ '0.1.3' ],
48 silly audit   '@jest/create-cache-key-function': [ '29.7.0' ],
48 silly audit   '@jest/environment': [ '29.7.0' ],
48 silly audit   '@jest/fake-timers': [ '29.7.0' ],
48 silly audit   '@jest/schemas': [ '29.6.3' ],
48 silly audit   '@jest/transform': [ '29.7.0' ],
48 silly audit   '@jest/types': [ '29.6.3' ],
48 silly audit   '@jridgewell/gen-mapping': [ '0.3.8' ],
48 silly audit   '@jridgewell/resolve-uri': [ '3.1.2' ],
48 silly audit   '@jridgewell/set-array': [ '1.2.1' ],
48 silly audit   '@jridgewell/source-map': [ '0.3.6' ],
48 silly audit   '@jridgewell/sourcemap-codec': [ '1.5.0' ],
48 silly audit   '@jridgewell/trace-mapping': [ '0.3.25' ],
48 silly audit   '@pkgjs/parseargs': [ '0.11.0' ],
48 silly audit   '@react-native-async-storage/async-storage': [ '2.1.2' ],
48 silly audit   '@react-native/assets-registry': [ '0.79.2' ],
48 silly audit   '@react-native/babel-plugin-codegen': [ '0.79.2' ],
48 silly audit   '@react-native/babel-preset': [ '0.79.2' ],
48 silly audit   '@react-native/codegen': [ '0.79.2' ],
48 silly audit   'brace-expansion': [ '1.1.11', '2.0.1' ],
48 silly audit   glob: [ '7.2.3', '10.4.5' ],
48 silly audit   minimatch: [ '3.1.2', '9.0.5' ],
48 silly audit   '@react-native/community-cli-plugin': [ '0.79.2' ],
48 silly audit   ms: [ '2.0.0', '2.1.3' ],
48 silly audit   '@react-native/debugger-frontend': [ '0.79.2' ],
48 silly audit   '@react-native/dev-middleware': [ '0.79.2' ],
48 silly audit   ws: [ '6.2.3', '7.5.10', '8.18.2' ],
48 silly audit   '@react-native/gradle-plugin': [ '0.79.2' ],
48 silly audit   '@react-native/js-polyfills': [ '0.79.2' ],
48 silly audit   '@react-native/normalize-colors': [ '0.79.2' ],
48 silly audit   '@react-native/virtualized-lists': [ '0.79.2' ],
48 silly audit   '@react-navigation/core': [ '7.9.2' ],
48 silly audit   'react-is': [ '19.1.0', '16.13.1', '18.3.1' ],
48 silly audit   '@react-navigation/elements': [ '2.4.2' ],
48 silly audit   '@react-navigation/native': [ '7.1.9' ],
48 silly audit   '@react-navigation/routers': [ '7.3.7' ],
48 silly audit   '@react-navigation/stack': [ '7.3.2' ],
48 silly audit   '@sinclair/typebox': [ '0.27.8' ],
48 silly audit   '@sinonjs/commons': [ '3.0.1' ],
48 silly audit   '@sinonjs/fake-timers': [ '10.3.0' ],
48 silly audit   '@types/babel__core': [ '7.20.5' ],
48 silly audit   '@types/babel__generator': [ '7.27.0' ],
48 silly audit   '@types/babel__template': [ '7.4.4' ],
48 silly audit   '@types/babel__traverse': [ '7.20.7' ],
48 silly audit   '@types/graceful-fs': [ '4.1.9' ],
48 silly audit   '@types/hammerjs': [ '2.0.46' ],
48 silly audit   '@types/istanbul-lib-coverage': [ '2.0.6' ],
48 silly audit   '@types/istanbul-lib-report': [ '3.0.3' ],
48 silly audit   '@types/istanbul-reports': [ '3.0.4' ],
48 silly audit   '@types/node': [ '22.15.18' ],
48 silly audit   '@types/stack-utils': [ '2.0.3' ],
48 silly audit   '@types/yargs': [ '17.0.33' ],
48 silly audit   '@types/yargs-parser': [ '21.0.3' ],
48 silly audit   '@urql/core': [ '5.1.1' ],
48 silly audit   '@urql/exchange-retry': [ '1.3.1' ],
48 silly audit   '@xmldom/xmldom': [ '0.8.10' ],
48 silly audit   'abort-controller': [ '3.0.0' ],
48 silly audit   accepts: [ '1.3.8' ],
48 silly audit   acorn: [ '8.14.1' ],
48 silly audit   'agent-base': [ '7.1.3' ],
48 silly audit   anser: [ '1.4.10' ],
48 silly audit   'ansi-escapes': [ '4.3.2' ],
48 silly audit   'type-fest': [ '0.21.3', '0.7.1' ],
48 silly audit   'ansi-regex': [ '5.0.1', '4.1.1', '6.1.0' ],
48 silly audit   'any-promise': [ '1.3.0' ],
48 silly audit   anymatch: [ '3.1.3' ],
48 silly audit   picomatch: [ '2.3.1', '3.0.1' ],
48 silly audit   arg: [ '5.0.2' ],
48 silly audit   asap: [ '2.0.6' ],
48 silly audit   'async-limiter': [ '1.0.1' ],
48 silly audit   'babel-jest': [ '29.7.0' ],
48 silly audit   'babel-plugin-istanbul': [ '6.1.1' ],
48 silly audit   'babel-plugin-jest-hoist': [ '29.6.3' ],
48 silly audit   'babel-plugin-polyfill-corejs2': [ '0.4.13' ],
48 silly audit   'babel-plugin-polyfill-corejs3': [ '0.11.1' ],
48 silly audit   'babel-plugin-polyfill-regenerator': [ '0.6.4' ],
48 silly audit   'babel-plugin-react-native-web': [ '0.19.13' ],
48 silly audit   'babel-plugin-syntax-hermes-parser': [ '0.25.1' ],
48 silly audit   'babel-plugin-transform-flow-enums': [ '0.0.2' ],
48 silly audit   'babel-preset-current-node-syntax': [ '1.1.0' ],
48 silly audit   'babel-preset-expo': [ '13.1.11' ],
48 silly audit   'babel-preset-jest': [ '29.6.3' ],
48 silly audit   'balanced-match': [ '1.0.2' ],
48 silly audit   'base64-js': [ '1.5.1' ],
48 silly audit   'better-opn': [ '3.0.2' ],
48 silly audit   open: [ '8.4.2', '7.4.2' ],
48 silly audit   'big-integer': [ '1.6.52' ],
48 silly audit   'bplist-creator': [ '0.1.0' ],
48 silly audit   'bplist-parser': [ '0.3.2', '0.3.1' ],
48 silly audit   braces: [ '3.0.3' ],
48 silly audit   browserslist: [ '4.24.5' ],
48 silly audit   bser: [ '2.1.1' ],
48 silly audit   buffer: [ '5.7.1' ],
48 silly audit   'buffer-from': [ '1.1.2' ],
48 silly audit   bytes: [ '3.1.2' ],
48 silly audit   'caller-callsite': [ '2.0.0' ],
48 silly audit   'caller-path': [ '2.0.0' ],
48 silly audit   callsites: [ '2.0.0' ],
48 silly audit   camelcase: [ '5.3.1', '6.3.0' ],
48 silly audit   'caniuse-lite': [ '1.0.30001718' ],
48 silly audit   chownr: [ '3.0.0' ],
48 silly audit   'chrome-launcher': [ '0.15.2' ],
48 silly audit   'chromium-edge-launcher': [ '0.2.0' ],
48 silly audit   'ci-info': [ '3.9.0', '2.0.0' ],
48 silly audit   'cli-cursor': [ '2.1.0' ],
48 silly audit   'cli-spinners': [ '2.9.2' ],
48 silly audit   cliui: [ '8.0.1' ],
48 silly audit   'emoji-regex': [ '8.0.0', '9.2.2' ],
48 silly audit   'string-width': [ '4.2.3', '5.1.2' ],
48 silly audit   'strip-ansi': [ '6.0.1', '5.2.0', '7.1.0' ],
48 silly audit   clone: [ '1.0.4' ],
48 silly audit   color: [ '4.2.3' ],
48 silly audit   'color-string': [ '1.9.1' ],
48 silly audit   commander: [ '7.2.0', '12.1.0', '4.1.1', '2.20.3' ],
48 silly audit   compressible: [ '2.0.18' ],
48 silly audit   compression: [ '1.8.0' ],
48 silly audit   negotiator: [ '0.6.4', '0.6.3' ],
48 silly audit   'concat-map': [ '0.0.1' ],
48 silly audit   connect: [ '3.7.0' ],
48 silly audit   'convert-source-map': [ '2.0.0' ],
48 silly audit   'core-js-compat': [ '3.42.0' ],
48 silly audit   cosmiconfig: [ '5.2.1' ],
48 silly audit   'cross-spawn': [ '7.0.6' ],
48 silly audit   'crypto-random-string': [ '2.0.0' ],
48 silly audit   'decode-uri-component': [ '0.2.2' ],
48 silly audit   'deep-extend': [ '0.6.0' ],
48 silly audit   deepmerge: [ '4.3.1' ],
48 silly audit   defaults: [ '1.0.4' ],
48 silly audit   'define-lazy-prop': [ '2.0.0' ],
48 silly audit   depd: [ '2.0.0' ],
48 silly audit   destroy: [ '1.2.0' ],
48 silly audit   'detect-libc': [ '1.0.3' ],
48 silly audit   dotenv: [ '16.4.7' ],
48 silly audit   'dotenv-expand': [ '11.0.7' ],
48 silly audit   eastasianwidth: [ '0.2.0' ],
48 silly audit   'ee-first': [ '1.1.1' ],
48 silly audit   'electron-to-chromium': [ '1.5.152' ],
48 silly audit   encodeurl: [ '1.0.2', '2.0.0' ],
48 silly audit   'env-editor': [ '0.4.2' ],
48 silly audit   'error-ex': [ '1.3.2' ],
48 silly audit   'error-stack-parser': [ '2.1.4' ],
48 silly audit   escalade: [ '3.2.0' ],
48 silly audit   'escape-html': [ '1.0.3' ],
48 silly audit   esprima: [ '4.0.1' ],
48 silly audit   etag: [ '1.8.1' ],
48 silly audit   'event-target-shim': [ '5.0.1' ],
48 silly audit   'exec-async': [ '2.2.0' ],
48 silly audit   expo: [ '53.0.9' ],
48 silly audit   'expo-asset': [ '11.1.5' ],
48 silly audit   'expo-constants': [ '17.1.6' ],
48 silly audit   'expo-file-system': [ '18.1.10' ],
48 silly audit   'expo-font': [ '13.3.1' ],
48 silly audit   'expo-keep-awake': [ '14.1.4' ],
48 silly audit   'expo-linear-gradient': [ '14.1.4' ],
48 silly audit   'expo-modules-autolinking': [ '2.1.10' ],
48 silly audit   'expo-modules-core': [ '2.3.13' ],
48 silly audit   'expo-status-bar': [ '2.2.3' ],
48 silly audit   'exponential-backoff': [ '3.1.2' ],
48 silly audit   'fast-deep-equal': [ '3.1.3' ],
48 silly audit   'fast-json-stable-stringify': [ '2.1.0' ],
48 silly audit   'fb-watchman': [ '2.0.2' ],
48 silly audit   'fill-range': [ '7.1.1' ],
48 silly audit   'filter-obj': [ '1.1.0' ],
48 silly audit   finalhandler: [ '1.1.2' ],
48 silly audit   'flow-enums-runtime': [ '0.0.6' ],
48 silly audit   fontfaceobserver: [ '2.3.0' ],
48 silly audit   'foreground-child': [ '3.3.1' ],
48 silly audit   'freeport-async': [ '2.0.0' ],
48 silly audit   fresh: [ '0.5.2' ],
48 silly audit   'fs.realpath': [ '1.0.0' ],
48 silly audit   fsevents: [ '2.3.3' ],
48 silly audit   'function-bind': [ '1.1.2' ],
48 silly audit   gensync: [ '1.0.0-beta.2' ],
48 silly audit   'get-caller-file': [ '2.0.5' ],
48 silly audit   'get-package-type': [ '0.1.0' ],
48 silly audit   getenv: [ '1.0.0' ],
48 silly audit   globals: [ '11.12.0' ],
48 silly audit   'graceful-fs': [ '4.2.11' ],
48 silly audit   hasown: [ '2.0.2' ],
48 silly audit   'hermes-estree': [ '0.25.1', '0.28.1' ],
48 silly audit   'hermes-parser': [ '0.25.1', '0.28.1' ],
48 silly audit   'hoist-non-react-statics': [ '3.3.2' ],
48 silly audit   'hosted-git-info': [ '7.0.2' ],
48 silly audit   'lru-cache': [ '10.4.3', '5.1.1' ],
48 silly audit   'http-errors': [ '2.0.0' ],
48 silly audit   statuses: [ '2.0.1', '1.5.0' ],
48 silly audit   'https-proxy-agent': [ '7.0.6' ],
48 silly audit   ieee754: [ '1.2.1' ],
48 silly audit   'image-size': [ '1.2.1' ],
48 silly audit   'import-fresh': [ '2.0.0' ],
48 silly audit   'resolve-from': [ '3.0.0', '5.0.0' ],
48 silly audit   imurmurhash: [ '0.1.4' ],
48 silly audit   inflight: [ '1.0.6' ],
48 silly audit   inherits: [ '2.0.4' ],
48 silly audit   ini: [ '1.3.8' ],
48 silly audit   invariant: [ '2.2.4' ],
48 silly audit   'is-arrayish': [ '0.2.1', '0.3.2' ],
48 silly audit   'is-core-module': [ '2.16.1' ],
48 silly audit   'is-directory': [ '0.3.1' ],
48 silly audit   'is-docker': [ '2.2.1' ],
48 silly audit   'is-fullwidth-code-point': [ '3.0.0' ],
48 silly audit   'is-number': [ '7.0.0' ],
48 silly audit   'is-plain-obj': [ '2.1.0' ],
48 silly audit   'is-wsl': [ '2.2.0' ],
48 silly audit   isexe: [ '2.0.0' ],
48 silly audit   'istanbul-lib-coverage': [ '3.2.2' ],
48 silly audit   'istanbul-lib-instrument': [ '5.2.1' ],
48 silly audit   jackspeak: [ '3.4.3' ],
48 silly audit   'jest-environment-node': [ '29.7.0' ],
48 silly audit   'jest-get-type': [ '29.6.3' ],
48 silly audit   'jest-haste-map': [ '29.7.0' ],
48 silly audit   'jest-message-util': [ '29.7.0' ],
48 silly audit   'jest-mock': [ '29.7.0' ],
48 silly audit   'jest-regex-util': [ '29.6.3' ],
48 silly audit   'jest-util': [ '29.7.0' ],
48 silly audit   'jest-validate': [ '29.7.0' ],
48 silly audit   'jest-worker': [ '29.7.0' ],
48 silly audit   'jimp-compact': [ '0.16.1' ],
48 silly audit   'js-tokens': [ '4.0.0' ],
48 silly audit   'jsc-safe-url': [ '0.2.4' ],
48 silly audit   jsesc: [ '3.1.0', '3.0.2' ],
48 silly audit   'json-parse-better-errors': [ '1.0.2' ],
48 silly audit   json5: [ '2.2.3' ],
48 silly audit   kleur: [ '3.0.3' ],
48 silly audit   'lan-network': [ '0.1.6' ],
48 silly audit   leven: [ '3.1.0' ],
48 silly audit   'lighthouse-logger': [ '1.4.2' ],
48 silly audit   lightningcss: [ '1.27.0' ],
48 silly audit   'lightningcss-darwin-arm64': [ '1.27.0' ],
48 silly audit   'lightningcss-darwin-x64': [ '1.27.0' ],
48 silly audit   'lightningcss-freebsd-x64': [ '1.27.0' ],
48 silly audit   'lightningcss-linux-arm-gnueabihf': [ '1.27.0' ],
48 silly audit   'lightningcss-linux-arm64-gnu': [ '1.27.0' ],
48 silly audit   'lightningcss-linux-arm64-musl': [ '1.27.0' ],
48 silly audit   'lightningcss-linux-x64-gnu': [ '1.27.0' ],
48 silly audit   'lightningcss-linux-x64-musl': [ '1.27.0' ],
48 silly audit   'lightningcss-win32-arm64-msvc': [ '1.27.0' ],
48 silly audit   'lightningcss-win32-x64-msvc': [ '1.27.0' ],
48 silly audit   'lines-and-columns': [ '1.2.4' ],
48 silly audit   'lodash.debounce': [ '4.0.8' ],
48 silly audit   'lodash.throttle': [ '4.1.1' ],
48 silly audit   'log-symbols': [ '2.2.0' ],
48 silly audit   'loose-envify': [ '1.4.0' ],
48 silly audit   makeerror: [ '1.0.12' ],
48 silly audit   marky: [ '1.3.0' ],
48 silly audit   'memoize-one': [ '5.2.1' ],
48 silly audit   'merge-options': [ '3.0.4' ],
48 silly audit   'merge-stream': [ '2.0.0' ],
48 silly audit   metro: [ '0.82.3' ],
48 silly audit   'metro-babel-transformer': [ '0.82.3' ],
48 silly audit   'metro-cache': [ '0.82.3' ],
48 silly audit   'metro-cache-key': [ '0.82.3' ],
48 silly audit   'metro-config': [ '0.82.3' ],
48 silly audit   'metro-core': [ '0.82.3' ],
48 silly audit   'metro-file-map': [ '0.82.3' ],
48 silly audit   'metro-minify-terser': [ '0.82.3' ],
48 silly audit   'metro-resolver': [ '0.82.3' ],
48 silly audit   'metro-runtime': [ '0.82.3' ],
48 silly audit   'metro-source-map': [ '0.82.3' ],
48 silly audit   'metro-symbolicate': [ '0.82.3' ],
48 silly audit   'metro-transform-plugins': [ '0.82.3' ],
48 silly audit   'metro-transform-worker': [ '0.82.3' ],
48 silly audit   micromatch: [ '4.0.8' ],
48 silly audit   mime: [ '1.6.0' ],
48 silly audit   'mime-db': [ '1.54.0', '1.52.0' ],
48 silly audit   'mime-types': [ '2.1.35' ],
48 silly audit   'mimic-fn': [ '1.2.0' ],
48 silly audit   minimist: [ '1.2.8' ],
48 silly audit   minipass: [ '7.1.2' ],
48 silly audit   minizlib: [ '3.0.2' ],
48 silly audit   mkdirp: [ '1.0.4', '3.0.1' ],
48 silly audit   mz: [ '2.7.0' ],
48 silly audit   nanoid: [ '3.3.11' ],
48 silly audit   'nested-error-stacks': [ '2.0.1' ],
48 silly audit   'node-forge': [ '1.3.1' ],
48 silly audit   'node-int64': [ '0.4.0' ],
48 silly audit   'node-releases': [ '2.0.19' ],
48 silly audit   'normalize-path': [ '3.0.0' ],
48 silly audit   'npm-package-arg': [ '11.0.3' ],
48 silly audit   nullthrows: [ '1.1.1' ],
48 silly audit   ob1: [ '0.82.3' ],
48 silly audit   'object-assign': [ '4.1.1' ],
48 silly audit   'on-finished': [ '2.3.0', '2.4.1' ],
48 silly audit   'on-headers': [ '1.0.2' ],
48 silly audit   once: [ '1.4.0' ],
48 silly audit   onetime: [ '2.0.1' ],
48 silly audit   ora: [ '3.4.0' ],
48 silly audit   'p-try': [ '2.2.0' ],
48 silly audit   'package-json-from-dist': [ '1.0.1' ],
48 silly audit   'parse-json': [ '4.0.0' ],
48 silly audit   'parse-png': [ '2.1.0' ],
48 silly audit   parseurl: [ '1.3.3' ],
48 silly audit   'path-exists': [ '4.0.0' ],
48 silly audit   'path-is-absolute': [ '1.0.1' ],
48 silly audit   'path-key': [ '3.1.1' ],
48 silly audit   'path-parse': [ '1.0.7' ],
48 silly audit   'path-scurry': [ '1.11.1' ],
48 silly audit   picocolors: [ '1.1.1' ],
48 silly audit   pirates: [ '4.0.7' ],
48 silly audit   plist: [ '3.1.0' ],
48 silly audit   pngjs: [ '3.4.0' ],
48 silly audit   postcss: [ '8.4.49' ],
48 silly audit   'pretty-bytes': [ '5.6.0' ],
48 silly audit   'pretty-format': [ '29.7.0' ],
48 silly audit   'proc-log': [ '4.2.0' ],
48 silly audit   progress: [ '2.0.3' ],
48 silly audit   promise: [ '8.3.0' ],
48 silly audit   prompts: [ '2.4.2' ],
48 silly audit   punycode: [ '2.3.1' ],
48 silly audit   'qrcode-terminal': [ '0.11.0' ],
48 silly audit   'query-string': [ '7.1.3' ],
48 silly audit   queue: [ '6.0.2' ],
48 silly audit   'range-parser': [ '1.2.1' ],
48 silly audit   rc: [ '1.2.8' ],
48 silly audit   react: [ '19.0.0' ],
48 silly audit   'react-devtools-core': [ '6.1.2' ],
48 silly audit   'react-freeze': [ '1.0.4' ],
48 silly audit   'react-native': [ '0.79.2' ],
48 silly audit   'react-native-edge-to-edge': [ '1.6.0' ],
48 silly audit   'react-native-gesture-handler': [ '2.25.0' ],
48 silly audit   'react-native-is-edge-to-edge': [ '1.1.7' ],
48 silly audit   'react-native-safe-area-context': [ '5.4.0' ],
48 silly audit   'react-native-screens': [ '4.10.0' ],
48 silly audit   'react-refresh': [ '0.14.2' ],
48 silly audit   regenerate: [ '1.4.2' ],
48 silly audit   'regenerate-unicode-properties': [ '10.2.0' ],
48 silly audit   'regenerator-runtime': [ '0.13.11' ],
48 silly audit   'regexpu-core': [ '6.2.0' ],
48 silly audit   regjsgen: [ '0.8.0' ],
48 silly audit   regjsparser: [ '0.12.0' ],
48 silly audit   'require-directory': [ '2.1.1' ],
48 silly audit   'require-from-string': [ '2.0.2' ],
48 silly audit   requireg: [ '0.2.2' ],
48 silly audit   resolve: [ '1.7.1', '1.22.10' ],
48 silly audit   'resolve-workspace-root': [ '2.0.0' ],
48 silly audit   'resolve.exports': [ '2.0.3' ],
48 silly audit   'restore-cursor': [ '2.0.0' ],
48 silly audit   'signal-exit': [ '3.0.7', '4.1.0' ],
48 silly audit   rimraf: [ '3.0.2' ],
48 silly audit   'safe-buffer': [ '5.2.1' ],
48 silly audit   sax: [ '1.4.1' ],
48 silly audit   scheduler: [ '0.25.0' ],
48 silly audit   send: [ '0.19.1', '0.19.0' ],
48 silly audit   'serialize-error': [ '2.1.0' ],
48 silly audit   'serve-static': [ '1.16.2' ],
48 silly audit   setprototypeof: [ '1.2.0' ],
48 silly audit   'shebang-command': [ '2.0.0' ],
48 silly audit   'shebang-regex': [ '3.0.0' ],
48 silly audit   'shell-quote': [ '1.8.2' ],
48 silly audit   'simple-plist': [ '1.3.1' ],
48 silly audit   'simple-swizzle': [ '0.2.2' ],
48 silly audit   sisteransi: [ '1.0.5' ],
48 silly audit   slash: [ '3.0.0' ],
48 silly audit   slugify: [ '1.6.6' ],
48 silly audit   'source-map': [ '0.5.7', '0.6.1' ],
48 silly audit   'source-map-js': [ '1.2.1' ],
48 silly audit   'source-map-support': [ '0.5.21' ],
48 silly audit   'split-on-first': [ '1.1.0' ],
48 silly audit   'sprintf-js': [ '1.0.3' ],
48 silly audit   'stack-utils': [ '2.0.6' ],
48 silly audit   stackframe: [ '1.3.4' ],
48 silly audit   'stacktrace-parser': [ '0.1.11' ],
48 silly audit   'stream-buffers': [ '2.2.0' ],
48 silly audit   'strict-uri-encode': [ '2.0.0' ],
48 silly audit   'strip-json-comments': [ '2.0.1' ],
48 silly audit   'structured-headers': [ '0.4.1' ],
48 silly audit   sucrase: [ '3.35.0' ],
48 silly audit   'supports-hyperlinks': [ '2.3.0' ],
48 silly audit   'supports-preserve-symlinks-flag': [ '1.0.0' ],
48 silly audit   tar: [ '7.4.3' ],
48 silly audit   yallist: [ '5.0.0', '3.1.1' ],
48 silly audit   'temp-dir': [ '2.0.0' ],
48 silly audit   'terminal-link': [ '2.1.1' ],
48 silly audit   terser: [ '5.39.1' ],
48 silly audit   'test-exclude': [ '6.0.0' ],
48 silly audit   thenify: [ '3.3.1' ],
48 silly audit   'thenify-all': [ '1.6.0' ],
48 silly audit   throat: [ '5.0.0' ],
48 silly audit   tmpl: [ '1.0.5' ],
48 silly audit   'to-regex-range': [ '5.0.1' ],
48 silly audit   toidentifier: [ '1.0.1' ],
48 silly audit   'ts-interface-checker': [ '0.1.13' ],
48 silly audit   'type-detect': [ '4.0.8' ],
48 silly audit   undici: [ '6.21.3' ],
48 silly audit   'undici-types': [ '6.21.0' ],
48 silly audit   'unicode-canonical-property-names-ecmascript': [ '2.0.1' ],
48 silly audit   'unicode-match-property-ecmascript': [ '2.0.0' ],
48 silly audit   'unicode-match-property-value-ecmascript': [ '2.2.0' ],
48 silly audit   'unicode-property-aliases-ecmascript': [ '2.1.0' ],
48 silly audit   'unique-string': [ '2.0.0' ],
48 silly audit   unpipe: [ '1.0.0' ],
48 silly audit   'update-browserslist-db': [ '1.1.3' ],
48 silly audit   'use-latest-callback': [ '0.2.3' ],
48 silly audit   'use-sync-external-store': [ '1.5.0' ],
48 silly audit   'utils-merge': [ '1.0.1' ],
48 silly audit   uuid: [ '7.0.3' ],
48 silly audit   'validate-npm-package-name': [ '5.0.1' ],
48 silly audit   vary: [ '1.1.2' ],
48 silly audit   vlq: [ '1.0.1' ],
48 silly audit   walker: [ '1.0.8' ],
48 silly audit   'warn-once': [ '0.1.1' ],
48 silly audit   wcwidth: [ '1.0.1' ],
48 silly audit   'webidl-conversions': [ '5.0.0' ],
48 silly audit   'whatwg-fetch': [ '3.6.20' ],
48 silly audit   'whatwg-url-without-unicode': [ '8.0.0-3' ],
48 silly audit   which: [ '2.0.2' ],
48 silly audit   wonka: [ '6.3.5' ],
48 silly audit   wrappy: [ '1.0.2' ],
48 silly audit   'write-file-atomic': [ '4.0.2' ],
48 silly audit   xcode: [ '3.0.1' ],
48 silly audit   xml2js: [ '0.6.0' ],
48 silly audit   xmlbuilder: [ '11.0.1', '15.1.1' ],
48 silly audit   y18n: [ '5.0.8' ],
48 silly audit   yargs: [ '17.7.2' ],
48 silly audit   'yargs-parser': [ '21.1.1' ],
48 silly audit   'yocto-queue': [ '0.1.0' ],
48 silly audit   'expo-local-authentication': [ '16.0.5' ]
48 silly audit }
49 verbose reify failed optional dependency C:\Users\davi.lima\Downloads\Challenge-Techlab-Mottu\node_modules\lightningcss-win32-arm64-msvc
50 silly reify mark deleted [
50 silly reify   'C:\\Users\\davi.lima\\Downloads\\Challenge-Techlab-Mottu\\node_modules\\lightningcss-win32-arm64-msvc'
50 silly reify ]
51 verbose reify failed optional dependency C:\Users\davi.lima\Downloads\Challenge-Techlab-Mottu\node_modules\lightningcss-linux-x64-musl
52 silly reify mark deleted [
52 silly reify   'C:\\Users\\davi.lima\\Downloads\\Challenge-Techlab-Mottu\\node_modules\\lightningcss-linux-x64-musl'
52 silly reify ]
53 verbose reify failed optional dependency C:\Users\davi.lima\Downloads\Challenge-Techlab-Mottu\node_modules\lightningcss-linux-x64-gnu
54 silly reify mark deleted [
54 silly reify   'C:\\Users\\davi.lima\\Downloads\\Challenge-Techlab-Mottu\\node_modules\\lightningcss-linux-x64-gnu'
54 silly reify ]
55 verbose reify failed optional dependency C:\Users\davi.lima\Downloads\Challenge-Techlab-Mottu\node_modules\lightningcss-linux-arm64-musl
56 silly reify mark deleted [
56 silly reify   'C:\\Users\\davi.lima\\Downloads\\Challenge-Techlab-Mottu\\node_modules\\lightningcss-linux-arm64-musl'
56 silly reify ]
57 verbose reify failed optional dependency C:\Users\davi.lima\Downloads\Challenge-Techlab-Mottu\node_modules\lightningcss-linux-arm64-gnu
58 silly reify mark deleted [
58 silly reify   'C:\\Users\\davi.lima\\Downloads\\Challenge-Techlab-Mottu\\node_modules\\lightningcss-linux-arm64-gnu'
58 silly reify ]
59 verbose reify failed optional dependency C:\Users\davi.lima\Downloads\Challenge-Techlab-Mottu\node_modules\lightningcss-linux-arm-gnueabihf
60 silly reify mark deleted [
60 silly reify   'C:\\Users\\davi.lima\\Downloads\\Challenge-Techlab-Mottu\\node_modules\\lightningcss-linux-arm-gnueabihf'
60 silly reify ]
61 verbose reify failed optional dependency C:\Users\davi.lima\Downloads\Challenge-Techlab-Mottu\node_modules\lightningcss-freebsd-x64
62 silly reify mark deleted [
62 silly reify   'C:\\Users\\davi.lima\\Downloads\\Challenge-Techlab-Mottu\\node_modules\\lightningcss-freebsd-x64'
62 silly reify ]
63 verbose reify failed optional dependency C:\Users\davi.lima\Downloads\Challenge-Techlab-Mottu\node_modules\lightningcss-darwin-x64
64 silly reify mark deleted [
64 silly reify   'C:\\Users\\davi.lima\\Downloads\\Challenge-Techlab-Mottu\\node_modules\\lightningcss-darwin-x64'
64 silly reify ]
65 verbose reify failed optional dependency C:\Users\davi.lima\Downloads\Challenge-Techlab-Mottu\node_modules\lightningcss-darwin-arm64
66 silly reify mark deleted [
66 silly reify   'C:\\Users\\davi.lima\\Downloads\\Challenge-Techlab-Mottu\\node_modules\\lightningcss-darwin-arm64'
66 silly reify ]
67 verbose reify failed optional dependency C:\Users\davi.lima\Downloads\Challenge-Techlab-Mottu\node_modules\fsevents
68 silly reify mark deleted [
68 silly reify   'C:\\Users\\davi.lima\\Downloads\\Challenge-Techlab-Mottu\\node_modules\\fsevents'
68 silly reify ]
69 http cache expo-local-authentication@https://registry.npmjs.org/expo-local-authentication/-/expo-local-authentication-16.0.5.tgz 0ms (cache hit)
70 silly tarball no local data for expo-local-authentication@https://registry.npmjs.org/expo-local-authentication/-/expo-local-authentication-16.0.5.tgz. Extracting by manifest.
71 http fetch POST 200 https://registry.npmjs.org/-/npm/v1/security/advisories/bulk 333ms
72 silly audit report {
72 silly audit report   'brace-expansion': [
72 silly audit report     {
72 silly audit report       id: 1105443,
72 silly audit report       url: 'https://github.com/advisories/GHSA-v6h2-p8h4-qcjw',
72 silly audit report       title: 'brace-expansion Regular Expression Denial of Service vulnerability',
72 silly audit report       severity: 'low',
72 silly audit report       vulnerable_versions: '>=1.0.0 <=1.1.11',
72 silly audit report       cwe: [Array],
72 silly audit report       cvss: [Object]
72 silly audit report     },
72 silly audit report     {
72 silly audit report       id: 1105444,
72 silly audit report       url: 'https://github.com/advisories/GHSA-v6h2-p8h4-qcjw',
72 silly audit report       title: 'brace-expansion Regular Expression Denial of Service vulnerability',
72 silly audit report       severity: 'low',
72 silly audit report       vulnerable_versions: '>=2.0.0 <=2.0.1',
72 silly audit report       cwe: [Array],
72 silly audit report       cvss: [Object]
72 silly audit report     }
72 silly audit report   ],
72 silly audit report   'on-headers': [
72 silly audit report     {
72 silly audit report       id: 1106812,
72 silly audit report       url: 'https://github.com/advisories/GHSA-76c9-3jph-rj3q',
72 silly audit report       title: 'on-headers is vulnerable to http response header manipulation',
72 silly audit report       severity: 'low',
72 silly audit report       vulnerable_versions: '<1.1.0',
72 silly audit report       cwe: [Array],
72 silly audit report       cvss: [Object]
72 silly audit report     }
72 silly audit report   ]
72 silly audit report }
73 silly packumentCache corgi:https://registry.npmjs.org/brace-expansion cache-miss
74 silly packumentCache corgi:https://registry.npmjs.org/on-headers cache-miss
75 http fetch GET 200 https://registry.npmjs.org/expo-local-authentication/-/expo-local-authentication-16.0.5.tgz 356ms (cache miss)
76 http fetch GET 200 https://registry.npmjs.org/on-headers 252ms (cache revalidated)
77 silly packumentCache corgi:https://registry.npmjs.org/on-headers set size:4386 disposed:false
78 http fetch GET 200 https://registry.npmjs.org/brace-expansion 448ms (cache revalidated)
79 silly packumentCache corgi:https://registry.npmjs.org/brace-expansion set size:16192 disposed:false
80 silly packumentCache corgi:https://registry.npmjs.org/minimatch cache-miss
81 http fetch GET 200 https://registry.npmjs.org/minimatch 59ms (cache revalidated)
82 silly packumentCache corgi:https://registry.npmjs.org/minimatch set size:143741 disposed:false
83 silly packumentCache corgi:https://registry.npmjs.org/compression cache-miss
84 http fetch GET 200 https://registry.npmjs.org/compression 40ms (cache revalidated)
85 silly packumentCache corgi:https://registry.npmjs.org/compression set size:31993 disposed:false
86 silly packumentCache corgi:https://registry.npmjs.org/@expo%2fcli cache-miss
87 http fetch GET 200 https://registry.npmjs.org/@expo%2fcli 1562ms (cache updated)
88 silly packumentCache corgi:https://registry.npmjs.org/@expo%2fcli set size:undefined disposed:false
89 silly ADD node_modules/expo-local-authentication
90 silly ADD
91 silly ADD
92 silly ADD
93 silly ADD
94 silly ADD
95 silly ADD
96 silly ADD
97 silly ADD
98 silly ADD
99 silly ADD
100 verbose cwd C:\Users\davi.lima\Downloads\Challenge-Techlab-Mottu
101 verbose os Windows_NT 10.0.22631
102 verbose node v22.11.0
103 verbose npm  v11.0.0
104 verbose exit 0
105 info ok
